<?xml version="1.0" encoding="UTF-8"?>
<!-- Generated by org.testng.reporters.JUnitReportReporter -->
<testsuite hostname="RahulMishra-PC" name="test_scripts.CreatingApplication" tests="1" failures="0" timestamp="8 Jun 2017 23:16:23 GMT" time="59.365" errors="0">
  <testcase name="createApplication" time="59.365" classname="test_scripts.CreatingApplication"/>
</testsuite> <!-- test_scripts.CreatingApplication -->
