<?xml version="1.0" encoding="UTF-8"?>
<!-- Generated by org.testng.reporters.JUnitReportReporter -->
<testsuite hostname="RahulMishra-PC" name="Test.TestLogin" tests="1" failures="0" timestamp="31 May 2017 03:34:14 GMT" time="23.639" errors="0">
  <testcase name="run" time="23.639" classname="Test.TestLogin"/>
</testsuite> <!-- Test.TestLogin -->
