<?xml version="1.0" encoding="UTF-8"?>
<!-- Generated by org.testng.reporters.JUnitReportReporter -->
<testsuite hostname="RahulMishra-PC" name="Test.Login" tests="2" failures="0" timestamp="30 May 2017 12:44:24 GMT" time="26.873" errors="0">
  <testcase name="login" time="13.520" classname="Test.Login"/>
  <testcase name="clickFridgeDropDown" time="13.353" classname="Test.Login"/>
</testsuite> <!-- Test.Login -->
